2020-08-30 21:33:31 | [INFO]    | Discordia 2.8.3
2020-08-30 21:33:31 | [INFO]    | Connecting to Discord...
2020-08-30 21:33:31 | [INFO]    | Authenticated as Shady Protogen#6330
2020-08-30 21:33:31 | [INFO]    | Launching shard 0 (1 out of 1)...
2020-08-30 21:33:31 | [INFO]    | Shard 0 : Connected to wss://gateway.discord.gg
2020-08-30 21:33:31 | [INFO]    | Shard 0 : Received HELLO
2020-08-30 21:33:32 | [INFO]    | Shard 0 : Received READY
2020-08-30 21:34:49 | [INFO]    | Discordia 2.8.3
2020-08-30 21:34:49 | [INFO]    | Connecting to Discord...
2020-08-30 21:34:49 | [INFO]    | Authenticated as Shady Protogen#6330
2020-08-30 21:34:49 | [INFO]    | Launching shard 0 (1 out of 1)...
2020-08-30 21:34:50 | [INFO]    | Shard 0 : Connected to wss://gateway.discord.gg
2020-08-30 21:34:50 | [INFO]    | Shard 0 : Received HELLO
2020-08-30 21:34:50 | [INFO]    | Shard 0 : Received READY
2020-08-30 21:35:21 | [INFO]    | Discordia 2.8.3
2020-08-30 21:35:21 | [INFO]    | Connecting to Discord...
2020-08-30 21:35:21 | [INFO]    | Authenticated as Shady Protogen#6330
2020-08-30 21:35:21 | [INFO]    | Launching shard 0 (1 out of 1)...
2020-08-30 21:35:21 | [INFO]    | Shard 0 : Connected to wss://gateway.discord.gg
2020-08-30 21:35:21 | [INFO]    | Shard 0 : Received HELLO
2020-08-30 21:35:21 | [INFO]    | Shard 0 : Received READY
2020-08-30 21:37:20 | [INFO]    | Discordia 2.8.3
2020-08-30 21:37:20 | [INFO]    | Connecting to Discord...
2020-08-30 21:37:20 | [INFO]    | Authenticated as Shady Protogen#6330
2020-08-30 21:37:20 | [INFO]    | Launching shard 0 (1 out of 1)...
2020-08-30 21:37:20 | [INFO]    | Shard 0 : Connected to wss://gateway.discord.gg
2020-08-30 21:37:20 | [INFO]    | Shard 0 : Received HELLO
2020-08-30 21:37:20 | [INFO]    | Shard 0 : Received READY
2020-08-30 21:46:40 | [INFO]    | Discordia 2.8.3
2020-08-30 21:46:40 | [INFO]    | Connecting to Discord...
2020-08-30 21:46:40 | [INFO]    | Authenticated as Shady Protogen#6330
2020-08-30 21:46:40 | [INFO]    | Launching shard 0 (1 out of 1)...
2020-08-30 21:46:40 | [INFO]    | Shard 0 : Connected to wss://gateway.discord.gg
2020-08-30 21:46:40 | [INFO]    | Shard 0 : Received HELLO
2020-08-30 21:46:40 | [INFO]    | Shard 0 : Received READY
2020-08-30 22:16:55 | [WARNING] | Shard 0 : 1001 - Connection closed
2020-08-30 22:16:55 | [INFO]    | Shard 0 : Disconnected
2020-08-30 22:16:55 | [INFO]    | Shard 0 : Reconnecting after 1032 ms...
2020-08-30 22:16:56 | [INFO]    | Shard 0 : Connected to wss://gateway.discord.gg
2020-08-30 22:16:56 | [INFO]    | Shard 0 : Received HELLO
2020-08-30 22:16:57 | [INFO]    | Shard 0 : Received RESUMED
2020-08-30 22:44:19 | [WARNING] | Shard 0 : Discord has requested a reconnection
2020-08-30 22:44:19 | [INFO]    | Shard 0 : Disconnected
2020-08-30 22:44:19 | [INFO]    | Shard 0 : Reconnecting...
2020-08-30 22:44:19 | [INFO]    | Shard 0 : Connected to wss://gateway.discord.gg
2020-08-30 22:44:19 | [INFO]    | Shard 0 : Received HELLO
2020-08-30 22:44:19 | [INFO]    | Shard 0 : Received RESUMED
2020-08-30 23:00:16 | [WARNING] | Shard 0 : Discord has requested a reconnection
2020-08-30 23:00:16 | [INFO]    | Shard 0 : Disconnected
2020-08-30 23:00:16 | [INFO]    | Shard 0 : Reconnecting...
2020-08-30 23:00:16 | [INFO]    | Shard 0 : Connected to wss://gateway.discord.gg
2020-08-30 23:00:16 | [INFO]    | Shard 0 : Received HELLO
2020-08-30 23:00:16 | [INFO]    | Shard 0 : Received RESUMED
2020-08-30 23:44:02 | [WARNING] | Shard 0 : Discord has requested a reconnection
2020-08-30 23:44:03 | [INFO]    | Shard 0 : Disconnected
2020-08-30 23:44:03 | [INFO]    | Shard 0 : Reconnecting...
2020-08-30 23:44:03 | [INFO]    | Shard 0 : Connected to wss://gateway.discord.gg
2020-08-30 23:44:03 | [INFO]    | Shard 0 : Received HELLO
2020-08-30 23:44:03 | [INFO]    | Shard 0 : Received RESUMED
2020-09-03 23:58:51 | [INFO]    | Discordia 2.8.3
2020-09-03 23:58:51 | [INFO]    | Connecting to Discord...
2020-09-03 23:58:52 | [INFO]    | Authenticated as Shady Protogen#6330
2020-09-03 23:58:52 | [INFO]    | Launching shard 0 (1 out of 1)...
2020-09-03 23:58:52 | [INFO]    | Shard 0 : Connected to wss://gateway.discord.gg
2020-09-03 23:58:52 | [INFO]    | Shard 0 : Received HELLO
2020-09-03 23:58:52 | [INFO]    | Shard 0 : Received READY
2020-09-10 23:15:54 | [INFO]    | Discordia 2.8.3
2020-09-10 23:15:54 | [INFO]    | Connecting to Discord...
2020-09-10 23:15:54 | [INFO]    | Authenticated as Shady Protogen#6330
2020-09-10 23:15:54 | [INFO]    | Launching shard 0 (1 out of 1)...
2020-09-10 23:15:54 | [INFO]    | Shard 0 : Connected to wss://gateway.discord.gg
2020-09-10 23:15:54 | [INFO]    | Shard 0 : Received HELLO
2020-09-10 23:15:54 | [INFO]    | Shard 0 : Received READY
2020-09-10 23:17:20 | [INFO]    | Discordia 2.8.3
2020-09-10 23:17:20 | [INFO]    | Connecting to Discord...
2020-09-10 23:17:20 | [INFO]    | Authenticated as Shady Protogen#6330
2020-09-10 23:17:20 | [INFO]    | Launching shard 0 (1 out of 1)...
2020-09-10 23:17:20 | [INFO]    | Shard 0 : Connected to wss://gateway.discord.gg
2020-09-10 23:17:20 | [INFO]    | Shard 0 : Received HELLO
2020-09-10 23:17:21 | [INFO]    | Shard 0 : Received READY
2020-09-10 23:18:06 | [INFO]    | Discordia 2.8.3
2020-09-10 23:18:06 | [INFO]    | Connecting to Discord...
2020-09-10 23:18:06 | [INFO]    | Authenticated as Shady Protogen#6330
2020-09-10 23:18:06 | [INFO]    | Launching shard 0 (1 out of 1)...
2020-09-10 23:18:06 | [INFO]    | Shard 0 : Connected to wss://gateway.discord.gg
2020-09-10 23:18:06 | [INFO]    | Shard 0 : Received HELLO
2020-09-10 23:18:06 | [INFO]    | Shard 0 : Received READY
2020-09-10 23:19:45 | [INFO]    | Discordia 2.8.3
2020-09-10 23:19:45 | [INFO]    | Connecting to Discord...
2020-09-10 23:19:45 | [INFO]    | Authenticated as Shady Protogen#6330
2020-09-10 23:19:45 | [INFO]    | Launching shard 0 (1 out of 1)...
2020-09-10 23:19:46 | [INFO]    | Shard 0 : Connected to wss://gateway.discord.gg
2020-09-10 23:19:46 | [INFO]    | Shard 0 : Received HELLO
2020-09-10 23:19:46 | [INFO]    | Shard 0 : Received READY
2020-09-10 23:20:52 | [INFO]    | Discordia 2.8.3
2020-09-10 23:20:52 | [INFO]    | Connecting to Discord...
2020-09-10 23:20:52 | [INFO]    | Authenticated as Shady Protogen#6330
2020-09-10 23:20:52 | [INFO]    | Launching shard 0 (1 out of 1)...
2020-09-10 23:20:52 | [INFO]    | Shard 0 : Connected to wss://gateway.discord.gg
2020-09-10 23:20:52 | [INFO]    | Shard 0 : Received HELLO
2020-09-10 23:20:52 | [INFO]    | Shard 0 : Received READY
2020-09-10 23:24:59 | [INFO]    | Discordia 2.8.3
2020-09-10 23:24:59 | [INFO]    | Connecting to Discord...
2020-09-10 23:25:00 | [INFO]    | Authenticated as Shady Protogen#6330
2020-09-10 23:25:00 | [INFO]    | Launching shard 0 (1 out of 1)...
2020-09-10 23:25:00 | [INFO]    | Shard 0 : Connected to wss://gateway.discord.gg
2020-09-10 23:25:00 | [INFO]    | Shard 0 : Received HELLO
2020-09-10 23:25:00 | [INFO]    | Shard 0 : Received READY
2020-09-10 23:27:55 | [INFO]    | Discordia 2.8.3
2020-09-10 23:27:55 | [INFO]    | Connecting to Discord...
2020-09-10 23:27:55 | [INFO]    | Authenticated as Shady Protogen#6330
2020-09-10 23:27:55 | [INFO]    | Launching shard 0 (1 out of 1)...
2020-09-10 23:27:55 | [INFO]    | Shard 0 : Connected to wss://gateway.discord.gg
2020-09-10 23:27:55 | [INFO]    | Shard 0 : Received HELLO
2020-09-10 23:27:55 | [INFO]    | Shard 0 : Received READY
2020-09-10 23:30:31 | [INFO]    | Discordia 2.8.3
2020-09-10 23:30:31 | [INFO]    | Connecting to Discord...
2020-09-10 23:30:31 | [INFO]    | Authenticated as Shady Protogen#6330
2020-09-10 23:30:31 | [INFO]    | Launching shard 0 (1 out of 1)...
2020-09-10 23:30:31 | [INFO]    | Shard 0 : Connected to wss://gateway.discord.gg
2020-09-10 23:30:31 | [INFO]    | Shard 0 : Received HELLO
2020-09-10 23:30:32 | [INFO]    | Shard 0 : Received READY
2020-09-10 23:33:02 | [INFO]    | Discordia 2.8.3
2020-09-10 23:33:02 | [INFO]    | Connecting to Discord...
2020-09-10 23:33:02 | [INFO]    | Authenticated as Shady Protogen#6330
2020-09-10 23:33:02 | [INFO]    | Launching shard 0 (1 out of 1)...
2020-09-10 23:33:02 | [INFO]    | Shard 0 : Connected to wss://gateway.discord.gg
2020-09-10 23:33:02 | [INFO]    | Shard 0 : Received HELLO
2020-09-10 23:33:02 | [INFO]    | Shard 0 : Received READY
2020-09-10 23:37:46 | [INFO]    | Discordia 2.8.3
2020-09-10 23:37:46 | [INFO]    | Connecting to Discord...
2020-09-10 23:37:47 | [INFO]    | Authenticated as Shady Protogen#6330
2020-09-10 23:37:47 | [INFO]    | Launching shard 0 (1 out of 1)...
2020-09-10 23:37:47 | [INFO]    | Shard 0 : Connected to wss://gateway.discord.gg
2020-09-10 23:37:47 | [INFO]    | Shard 0 : Received HELLO
2020-09-10 23:37:47 | [INFO]    | Shard 0 : Received READY
2020-09-10 23:40:26 | [INFO]    | Discordia 2.8.3
2020-09-10 23:40:26 | [INFO]    | Connecting to Discord...
2020-09-10 23:40:26 | [INFO]    | Authenticated as Shady Protogen#6330
2020-09-10 23:40:26 | [INFO]    | Launching shard 0 (1 out of 1)...
2020-09-10 23:40:26 | [INFO]    | Shard 0 : Connected to wss://gateway.discord.gg
2020-09-10 23:40:26 | [INFO]    | Shard 0 : Received HELLO
2020-09-10 23:40:26 | [INFO]    | Shard 0 : Received READY
2020-09-10 23:40:50 | [INFO]    | Discordia 2.8.3
2020-09-10 23:40:50 | [INFO]    | Connecting to Discord...
2020-09-10 23:40:51 | [INFO]    | Authenticated as Shady Protogen#6330
2020-09-10 23:40:51 | [INFO]    | Launching shard 0 (1 out of 1)...
2020-09-10 23:40:51 | [INFO]    | Shard 0 : Connected to wss://gateway.discord.gg
2020-09-10 23:40:51 | [INFO]    | Shard 0 : Received HELLO
2020-09-10 23:40:51 | [INFO]    | Shard 0 : Received READY
2020-09-10 23:45:08 | [INFO]    | Discordia 2.8.3
2020-09-10 23:45:08 | [INFO]    | Connecting to Discord...
2020-09-10 23:45:09 | [INFO]    | Authenticated as Shady Protogen#6330
2020-09-10 23:45:09 | [INFO]    | Launching shard 0 (1 out of 1)...
2020-09-10 23:45:09 | [INFO]    | Shard 0 : Connected to wss://gateway.discord.gg
2020-09-10 23:45:09 | [INFO]    | Shard 0 : Received HELLO
2020-09-10 23:45:09 | [INFO]    | Shard 0 : Received READY
2020-09-10 23:46:09 | [INFO]    | Discordia 2.8.3
2020-09-10 23:46:09 | [INFO]    | Connecting to Discord...
2020-09-10 23:46:09 | [INFO]    | Authenticated as Shady Protogen#6330
2020-09-10 23:46:09 | [INFO]    | Launching shard 0 (1 out of 1)...
2020-09-10 23:46:09 | [INFO]    | Shard 0 : Connected to wss://gateway.discord.gg
2020-09-10 23:46:09 | [INFO]    | Shard 0 : Received HELLO
2020-09-10 23:46:09 | [INFO]    | Shard 0 : Received READY
2020-09-10 23:46:48 | [INFO]    | Discordia 2.8.3
2020-09-10 23:46:48 | [INFO]    | Connecting to Discord...
2020-09-10 23:46:48 | [INFO]    | Authenticated as Shady Protogen#6330
2020-09-10 23:46:48 | [INFO]    | Launching shard 0 (1 out of 1)...
2020-09-10 23:46:49 | [INFO]    | Shard 0 : Connected to wss://gateway.discord.gg
2020-09-10 23:46:49 | [INFO]    | Shard 0 : Received HELLO
2020-09-10 23:46:49 | [INFO]    | Shard 0 : Received READY
2020-09-11 00:40:31 | [WARNING] | Shard 0 : Discord has requested a reconnection
2020-09-11 00:40:31 | [INFO]    | Shard 0 : Disconnected
2020-09-11 00:40:31 | [INFO]    | Shard 0 : Reconnecting...
2020-09-11 00:40:31 | [INFO]    | Shard 0 : Connected to wss://gateway.discord.gg
2020-09-11 00:40:31 | [INFO]    | Shard 0 : Received HELLO
2020-09-11 00:40:31 | [INFO]    | Shard 0 : Received RESUMED
2020-09-11 01:53:37 | [WARNING] | Shard 0 : Discord has requested a reconnection
2020-09-11 01:53:37 | [INFO]    | Shard 0 : Disconnected
2020-09-11 01:53:37 | [INFO]    | Shard 0 : Reconnecting...
2020-09-11 01:53:37 | [INFO]    | Shard 0 : Connected to wss://gateway.discord.gg
2020-09-11 01:53:37 | [INFO]    | Shard 0 : Received HELLO
2020-09-11 01:53:37 | [INFO]    | Shard 0 : Received RESUMED
2020-09-11 05:39:06 | [WARNING] | Shard 0 : Discord has requested a reconnection
2020-09-11 05:39:06 | [INFO]    | Shard 0 : Disconnected
2020-09-11 05:39:06 | [INFO]    | Shard 0 : Reconnecting...
2020-09-11 05:39:06 | [INFO]    | Shard 0 : Connected to wss://gateway.discord.gg
2020-09-11 05:39:06 | [INFO]    | Shard 0 : Received HELLO
2020-09-11 05:39:06 | [INFO]    | Shard 0 : Received RESUMED
2020-09-11 06:31:36 | [WARNING] | Shard 0 : Discord has requested a reconnection
2020-09-11 06:31:36 | [INFO]    | Shard 0 : Disconnected
2020-09-11 06:31:36 | [INFO]    | Shard 0 : Reconnecting...
2020-09-11 06:31:36 | [INFO]    | Shard 0 : Connected to wss://gateway.discord.gg
2020-09-11 06:31:36 | [INFO]    | Shard 0 : Received HELLO
2020-09-11 06:31:36 | [INFO]    | Shard 0 : Received RESUMED
2020-09-11 09:31:29 | [WARNING] | Shard 0 : Discord has requested a reconnection
2020-09-11 09:31:29 | [INFO]    | Shard 0 : Disconnected
2020-09-11 09:31:29 | [INFO]    | Shard 0 : Reconnecting...
2020-09-11 09:31:29 | [INFO]    | Shard 0 : Connected to wss://gateway.discord.gg
2020-09-11 09:31:29 | [INFO]    | Shard 0 : Received HELLO
2020-09-11 09:31:29 | [INFO]    | Shard 0 : Received RESUMED
2020-09-11 10:52:21 | [WARNING] | Shard 0 : Discord has requested a reconnection
2020-09-11 10:52:21 | [INFO]    | Shard 0 : Disconnected
2020-09-11 10:52:21 | [INFO]    | Shard 0 : Reconnecting...
2020-09-11 10:52:21 | [INFO]    | Shard 0 : Connected to wss://gateway.discord.gg
2020-09-11 10:52:21 | [INFO]    | Shard 0 : Received HELLO
2020-09-11 10:52:21 | [INFO]    | Shard 0 : Received RESUMED
2020-09-11 12:48:25 | [WARNING] | Shard 0 : Discord has requested a reconnection
2020-09-11 12:48:25 | [INFO]    | Shard 0 : Disconnected
2020-09-11 12:48:25 | [INFO]    | Shard 0 : Reconnecting...
2020-09-11 12:48:25 | [INFO]    | Shard 0 : Connected to wss://gateway.discord.gg
2020-09-11 12:48:25 | [INFO]    | Shard 0 : Received HELLO
2020-09-11 12:48:25 | [INFO]    | Shard 0 : Received RESUMED
2020-09-11 15:00:38 | [WARNING] | Shard 0 : Discord has requested a reconnection
2020-09-11 15:00:38 | [INFO]    | Shard 0 : Disconnected
2020-09-11 15:00:38 | [INFO]    | Shard 0 : Reconnecting...
2020-09-11 15:00:38 | [INFO]    | Shard 0 : Connected to wss://gateway.discord.gg
2020-09-11 15:00:38 | [INFO]    | Shard 0 : Received HELLO
2020-09-11 15:00:38 | [INFO]    | Shard 0 : Received RESUMED
2020-09-11 15:40:30 | [WARNING] | Shard 0 : Discord has requested a reconnection
2020-09-11 15:40:30 | [INFO]    | Shard 0 : Disconnected
2020-09-11 15:40:30 | [INFO]    | Shard 0 : Reconnecting...
2020-09-11 15:40:30 | [INFO]    | Shard 0 : Connected to wss://gateway.discord.gg
2020-09-11 15:40:30 | [INFO]    | Shard 0 : Received HELLO
2020-09-11 15:40:30 | [INFO]    | Shard 0 : Received RESUMED
2020-09-11 18:47:32 | [WARNING] | Shard 0 : Discord has requested a reconnection
2020-09-11 18:47:32 | [INFO]    | Shard 0 : Disconnected
2020-09-11 18:47:32 | [INFO]    | Shard 0 : Reconnecting...
2020-09-11 18:47:32 | [INFO]    | Shard 0 : Connected to wss://gateway.discord.gg
2020-09-11 18:47:32 | [INFO]    | Shard 0 : Received HELLO
2020-09-11 18:47:32 | [INFO]    | Shard 0 : Received RESUMED
2020-09-11 18:56:06 | [INFO]    | Discordia 2.8.3
2020-09-11 18:56:06 | [INFO]    | Connecting to Discord...
2020-09-11 18:56:06 | [INFO]    | Authenticated as Shady Protogen#6330
2020-09-11 18:56:06 | [INFO]    | Launching shard 0 (1 out of 1)...
2020-09-11 18:56:07 | [INFO]    | Shard 0 : Connected to wss://gateway.discord.gg
2020-09-11 18:56:07 | [INFO]    | Shard 0 : Received HELLO
2020-09-11 18:56:07 | [INFO]    | Shard 0 : Received READY
2020-09-11 18:56:26 | [INFO]    | Discordia 2.8.3
2020-09-11 18:56:26 | [INFO]    | Connecting to Discord...
2020-09-11 18:56:28 | [INFO]    | Authenticated as Shady Protogen#6330
2020-09-11 18:56:28 | [INFO]    | Launching shard 0 (1 out of 1)...
2020-09-11 18:56:28 | [INFO]    | Shard 0 : Connected to wss://gateway.discord.gg
2020-09-11 18:56:28 | [INFO]    | Shard 0 : Received HELLO
2020-09-11 18:56:28 | [INFO]    | Shard 0 : Received READY
2020-09-11 19:01:09 | [INFO]    | Discordia 2.8.3
2020-09-11 19:01:09 | [INFO]    | Connecting to Discord...
2020-09-11 19:01:10 | [INFO]    | Authenticated as Shady Protogen#6330
2020-09-11 19:01:10 | [INFO]    | Launching shard 0 (1 out of 1)...
2020-09-11 19:01:10 | [INFO]    | Shard 0 : Connected to wss://gateway.discord.gg
2020-09-11 19:01:10 | [INFO]    | Shard 0 : Received HELLO
2020-09-11 19:01:10 | [INFO]    | Shard 0 : Received READY
2020-09-11 19:01:33 | [INFO]    | Discordia 2.8.3
2020-09-11 19:01:33 | [INFO]    | Connecting to Discord...
2020-09-11 19:01:33 | [INFO]    | Authenticated as Shady Protogen#6330
2020-09-11 19:01:33 | [INFO]    | Launching shard 0 (1 out of 1)...
2020-09-11 19:01:33 | [INFO]    | Shard 0 : Connected to wss://gateway.discord.gg
2020-09-11 19:01:33 | [INFO]    | Shard 0 : Received HELLO
2020-09-11 19:01:33 | [INFO]    | Shard 0 : Received READY
2020-09-11 19:02:01 | [INFO]    | Discordia 2.8.3
2020-09-11 19:02:01 | [INFO]    | Connecting to Discord...
2020-09-11 19:02:01 | [INFO]    | Authenticated as Shady Protogen#6330
2020-09-11 19:02:01 | [INFO]    | Launching shard 0 (1 out of 1)...
2020-09-11 19:02:01 | [INFO]    | Shard 0 : Connected to wss://gateway.discord.gg
2020-09-11 19:02:01 | [INFO]    | Shard 0 : Received HELLO
2020-09-11 19:02:02 | [INFO]    | Shard 0 : Received READY
2020-09-11 19:05:06 | [INFO]    | Discordia 2.8.3
2020-09-11 19:05:06 | [INFO]    | Connecting to Discord...
2020-09-11 19:05:06 | [INFO]    | Authenticated as Shady Protogen#6330
2020-09-11 19:05:06 | [INFO]    | Launching shard 0 (1 out of 1)...
2020-09-11 19:05:06 | [INFO]    | Shard 0 : Connected to wss://gateway.discord.gg
2020-09-11 19:05:06 | [INFO]    | Shard 0 : Received HELLO
2020-09-11 19:05:06 | [INFO]    | Shard 0 : Received READY
2020-09-11 19:05:11 | [ERROR]   | 400 - Bad Request : PUT https://discordapp.com/api/v7/guilds/749779248062922842/members/749773740744638637/roles/nil
2020-09-11 19:05:35 | [INFO]    | Discordia 2.8.3
2020-09-11 19:05:35 | [INFO]    | Connecting to Discord...
2020-09-11 19:05:35 | [INFO]    | Authenticated as Shady Protogen#6330
2020-09-11 19:05:35 | [INFO]    | Launching shard 0 (1 out of 1)...
2020-09-11 19:05:35 | [INFO]    | Shard 0 : Connected to wss://gateway.discord.gg
2020-09-11 19:05:35 | [INFO]    | Shard 0 : Received HELLO
2020-09-11 19:05:35 | [INFO]    | Shard 0 : Received READY
2020-09-11 19:05:57 | [INFO]    | Discordia 2.8.3
2020-09-11 19:05:57 | [INFO]    | Connecting to Discord...
2020-09-11 19:05:57 | [INFO]    | Authenticated as Shady Protogen#6330
2020-09-11 19:05:57 | [INFO]    | Launching shard 0 (1 out of 1)...
2020-09-11 19:05:57 | [INFO]    | Shard 0 : Connected to wss://gateway.discord.gg
2020-09-11 19:05:57 | [INFO]    | Shard 0 : Received HELLO
2020-09-11 19:05:57 | [INFO]    | Shard 0 : Received READY
2020-09-11 19:06:01 | [ERROR]   | 400 - Bad Request : PUT https://discordapp.com/api/v7/guilds/749779248062922842/members/749773740744638637/roles/nil
2020-09-11 19:08:16 | [INFO]    | Discordia 2.8.3
2020-09-11 19:08:16 | [INFO]    | Connecting to Discord...
2020-09-11 19:08:17 | [INFO]    | Authenticated as Shady Protogen#6330
2020-09-11 19:08:17 | [INFO]    | Launching shard 0 (1 out of 1)...
2020-09-11 19:08:17 | [INFO]    | Shard 0 : Connected to wss://gateway.discord.gg
2020-09-11 19:08:17 | [INFO]    | Shard 0 : Received HELLO
2020-09-11 19:08:17 | [INFO]    | Shard 0 : Received READY
2020-09-11 19:08:20 | [ERROR]   | 400 - Bad Request : PUT https://discordapp.com/api/v7/guilds/749779248062922842/members/749773740744638637/roles/nil
2020-09-11 19:08:31 | [INFO]    | Discordia 2.8.3
2020-09-11 19:08:31 | [INFO]    | Connecting to Discord...
2020-09-11 19:08:31 | [INFO]    | Authenticated as Shady Protogen#6330
2020-09-11 19:08:31 | [INFO]    | Launching shard 0 (1 out of 1)...
2020-09-11 19:08:31 | [INFO]    | Shard 0 : Connected to wss://gateway.discord.gg
2020-09-11 19:08:31 | [INFO]    | Shard 0 : Received HELLO
2020-09-11 19:08:31 | [INFO]    | Shard 0 : Received READY
2020-09-11 19:08:33 | [ERROR]   | 400 - Bad Request : PUT https://discordapp.com/api/v7/guilds/749779248062922842/members/749773740744638637/roles/nil
2020-09-11 19:08:36 | [ERROR]   | 400 - Bad Request : PUT https://discordapp.com/api/v7/guilds/749779248062922842/members/749773740744638637/roles/nil
2020-09-11 19:09:10 | [INFO]    | Discordia 2.8.3
2020-09-11 19:09:10 | [INFO]    | Connecting to Discord...
2020-09-11 19:09:10 | [INFO]    | Authenticated as Shady Protogen#6330
2020-09-11 19:09:10 | [INFO]    | Launching shard 0 (1 out of 1)...
2020-09-11 19:09:10 | [INFO]    | Shard 0 : Connected to wss://gateway.discord.gg
2020-09-11 19:09:10 | [INFO]    | Shard 0 : Received HELLO
2020-09-11 19:09:11 | [INFO]    | Shard 0 : Received READY
2020-09-11 19:09:17 | [ERROR]   | 400 - Bad Request : PUT https://discordapp.com/api/v7/guilds/749779248062922842/members/749773740744638637/roles/nil
2020-09-11 19:10:11 | [INFO]    | Discordia 2.8.3
2020-09-11 19:10:11 | [INFO]    | Connecting to Discord...
2020-09-11 19:10:11 | [INFO]    | Authenticated as Shady Protogen#6330
2020-09-11 19:10:11 | [INFO]    | Launching shard 0 (1 out of 1)...
2020-09-11 19:10:12 | [INFO]    | Shard 0 : Connected to wss://gateway.discord.gg
2020-09-11 19:10:12 | [INFO]    | Shard 0 : Received HELLO
2020-09-11 19:10:12 | [INFO]    | Shard 0 : Received READY
2020-09-11 19:11:45 | [INFO]    | Discordia 2.8.3
2020-09-11 19:11:45 | [INFO]    | Connecting to Discord...
2020-09-11 19:11:45 | [INFO]    | Authenticated as Shady Protogen#6330
2020-09-11 19:11:45 | [INFO]    | Launching shard 0 (1 out of 1)...
2020-09-11 19:11:45 | [INFO]    | Shard 0 : Connected to wss://gateway.discord.gg
2020-09-11 19:11:45 | [INFO]    | Shard 0 : Received HELLO
2020-09-11 19:11:45 | [INFO]    | Shard 0 : Received READY
2020-09-11 19:12:56 | [INFO]    | Discordia 2.8.3
2020-09-11 19:12:56 | [INFO]    | Connecting to Discord...
2020-09-11 19:12:56 | [INFO]    | Authenticated as Shady Protogen#6330
2020-09-11 19:12:56 | [INFO]    | Launching shard 0 (1 out of 1)...
2020-09-11 19:12:56 | [INFO]    | Shard 0 : Connected to wss://gateway.discord.gg
2020-09-11 19:12:56 | [INFO]    | Shard 0 : Received HELLO
2020-09-11 19:12:57 | [INFO]    | Shard 0 : Received READY
2020-09-11 19:13:44 | [INFO]    | Discordia 2.8.3
2020-09-11 19:13:44 | [INFO]    | Connecting to Discord...
2020-09-11 19:13:44 | [INFO]    | Authenticated as Shady Protogen#6330
2020-09-11 19:13:44 | [INFO]    | Launching shard 0 (1 out of 1)...
2020-09-11 19:13:44 | [INFO]    | Shard 0 : Connected to wss://gateway.discord.gg
2020-09-11 19:13:44 | [INFO]    | Shard 0 : Received HELLO
2020-09-11 19:13:44 | [INFO]    | Shard 0 : Received READY
2020-09-11 19:13:54 | [INFO]    | Discordia 2.8.3
2020-09-11 19:13:54 | [INFO]    | Connecting to Discord...
2020-09-11 19:13:54 | [INFO]    | Authenticated as Shady Protogen#6330
2020-09-11 19:13:54 | [INFO]    | Launching shard 0 (1 out of 1)...
2020-09-11 19:13:54 | [INFO]    | Shard 0 : Connected to wss://gateway.discord.gg
2020-09-11 19:13:54 | [INFO]    | Shard 0 : Received HELLO
2020-09-11 19:13:54 | [INFO]    | Shard 0 : Received READY
2020-09-11 20:10:45 | [INFO]    | Discordia 2.8.3
2020-09-11 20:10:45 | [INFO]    | Connecting to Discord...
2020-09-11 20:10:46 | [INFO]    | Authenticated as Shady Protogen#6330
2020-09-11 20:10:46 | [INFO]    | Launching shard 0 (1 out of 1)...
2020-09-11 20:10:46 | [INFO]    | Shard 0 : Connected to wss://gateway.discord.gg
2020-09-11 20:10:46 | [INFO]    | Shard 0 : Received HELLO
2020-09-11 20:10:46 | [INFO]    | Shard 0 : Received READY
2020-09-11 20:11:01 | [INFO]    | Discordia 2.8.3
2020-09-11 20:11:01 | [INFO]    | Connecting to Discord...
2020-09-11 20:11:01 | [INFO]    | Authenticated as Shady Protogen#6330
2020-09-11 20:11:01 | [INFO]    | Launching shard 0 (1 out of 1)...
2020-09-11 20:11:01 | [INFO]    | Shard 0 : Connected to wss://gateway.discord.gg
2020-09-11 20:11:01 | [INFO]    | Shard 0 : Received HELLO
2020-09-11 20:11:02 | [INFO]    | Shard 0 : Received READY
2020-09-11 20:31:29 | [INFO]    | Discordia 2.8.3
2020-09-11 20:31:29 | [INFO]    | Connecting to Discord...
2020-09-11 20:31:29 | [INFO]    | Authenticated as Shady Protogen#6330
2020-09-11 20:31:29 | [INFO]    | Launching shard 0 (1 out of 1)...
2020-09-11 20:31:29 | [INFO]    | Shard 0 : Connected to wss://gateway.discord.gg
2020-09-11 20:31:29 | [INFO]    | Shard 0 : Received HELLO
2020-09-11 20:31:30 | [INFO]    | Shard 0 : Received READY
2020-09-11 20:32:53 | [INFO]    | Discordia 2.8.3
2020-09-11 20:32:53 | [INFO]    | Connecting to Discord...
2020-09-11 20:32:53 | [INFO]    | Authenticated as Shady Protogen#6330
2020-09-11 20:32:53 | [INFO]    | Launching shard 0 (1 out of 1)...
2020-09-11 20:32:53 | [INFO]    | Shard 0 : Connected to wss://gateway.discord.gg
2020-09-11 20:32:53 | [INFO]    | Shard 0 : Received HELLO
2020-09-11 20:32:53 | [INFO]    | Shard 0 : Received READY
2020-09-11 20:47:07 | [INFO]    | Discordia 2.8.3
2020-09-11 20:47:07 | [INFO]    | Connecting to Discord...
2020-09-11 20:47:07 | [INFO]    | Authenticated as Shady Protogen#6330
2020-09-11 20:47:07 | [INFO]    | Launching shard 0 (1 out of 1)...
2020-09-11 20:47:07 | [INFO]    | Shard 0 : Connected to wss://gateway.discord.gg
2020-09-11 20:47:07 | [INFO]    | Shard 0 : Received HELLO
2020-09-11 20:47:07 | [INFO]    | Shard 0 : Received READY
2020-09-11 20:58:27 | [INFO]    | Discordia 2.8.3
2020-09-11 20:58:27 | [INFO]    | Connecting to Discord...
2020-09-11 20:58:28 | [INFO]    | Authenticated as Shady Protogen#6330
2020-09-11 20:58:28 | [INFO]    | Launching shard 0 (1 out of 1)...
2020-09-11 20:58:28 | [INFO]    | Shard 0 : Connected to wss://gateway.discord.gg
2020-09-11 20:58:28 | [INFO]    | Shard 0 : Received HELLO
2020-09-11 20:58:28 | [INFO]    | Shard 0 : Received READY
2020-09-11 21:00:52 | [INFO]    | Discordia 2.8.3
2020-09-11 21:00:52 | [INFO]    | Connecting to Discord...
2020-09-11 21:00:52 | [INFO]    | Authenticated as Shady Protogen#6330
2020-09-11 21:00:52 | [INFO]    | Launching shard 0 (1 out of 1)...
2020-09-11 21:00:52 | [INFO]    | Shard 0 : Connected to wss://gateway.discord.gg
2020-09-11 21:00:52 | [INFO]    | Shard 0 : Received HELLO
2020-09-11 21:00:52 | [INFO]    | Shard 0 : Received READY
2020-09-11 21:05:30 | [INFO]    | Discordia 2.8.3
2020-09-11 21:05:30 | [INFO]    | Connecting to Discord...
2020-09-11 21:05:31 | [INFO]    | Authenticated as Shady Protogen#6330
2020-09-11 21:05:31 | [INFO]    | Launching shard 0 (1 out of 1)...
2020-09-11 21:05:31 | [INFO]    | Shard 0 : Connected to wss://gateway.discord.gg
2020-09-11 21:05:31 | [INFO]    | Shard 0 : Received HELLO
2020-09-11 21:05:31 | [INFO]    | Shard 0 : Received READY
2020-09-11 21:10:46 | [INFO]    | Discordia 2.8.3
2020-09-11 21:10:46 | [INFO]    | Connecting to Discord...
2020-09-11 21:10:46 | [INFO]    | Authenticated as Shady Protogen#6330
2020-09-11 21:10:46 | [INFO]    | Launching shard 0 (1 out of 1)...
2020-09-11 21:10:46 | [INFO]    | Shard 0 : Connected to wss://gateway.discord.gg
2020-09-11 21:10:46 | [INFO]    | Shard 0 : Received HELLO
2020-09-11 21:10:46 | [INFO]    | Shard 0 : Received READY
2020-09-11 21:11:25 | [INFO]    | Discordia 2.8.3
2020-09-11 21:11:25 | [INFO]    | Connecting to Discord...
2020-09-11 21:11:25 | [INFO]    | Authenticated as Shady Protogen#6330
2020-09-11 21:11:25 | [INFO]    | Launching shard 0 (1 out of 1)...
2020-09-11 21:11:25 | [INFO]    | Shard 0 : Connected to wss://gateway.discord.gg
2020-09-11 21:11:25 | [INFO]    | Shard 0 : Received HELLO
2020-09-11 21:11:25 | [INFO]    | Shard 0 : Received READY
2020-09-11 21:12:57 | [INFO]    | Discordia 2.8.3
2020-09-11 21:12:57 | [INFO]    | Connecting to Discord...
2020-09-11 21:12:57 | [INFO]    | Authenticated as Shady Protogen#6330
2020-09-11 21:12:57 | [INFO]    | Launching shard 0 (1 out of 1)...
2020-09-11 21:12:57 | [INFO]    | Shard 0 : Connected to wss://gateway.discord.gg
2020-09-11 21:12:57 | [INFO]    | Shard 0 : Received HELLO
2020-09-11 21:12:58 | [INFO]    | Shard 0 : Received READY
2020-09-11 21:14:47 | [INFO]    | Discordia 2.8.3
2020-09-11 21:14:47 | [INFO]    | Connecting to Discord...
2020-09-11 21:14:47 | [INFO]    | Authenticated as Shady Protogen#6330
2020-09-11 21:14:47 | [INFO]    | Launching shard 0 (1 out of 1)...
2020-09-11 21:14:47 | [INFO]    | Shard 0 : Connected to wss://gateway.discord.gg
2020-09-11 21:14:47 | [INFO]    | Shard 0 : Received HELLO
2020-09-11 21:14:48 | [INFO]    | Shard 0 : Received READY
2020-09-11 21:14:55 | [INFO]    | Discordia 2.8.3
2020-09-11 21:14:55 | [INFO]    | Connecting to Discord...
2020-09-11 21:14:55 | [INFO]    | Authenticated as Shady Protogen#6330
2020-09-11 21:14:55 | [INFO]    | Launching shard 0 (1 out of 1)...
2020-09-11 21:14:55 | [INFO]    | Shard 0 : Connected to wss://gateway.discord.gg
2020-09-11 21:14:55 | [INFO]    | Shard 0 : Received HELLO
2020-09-11 21:14:55 | [INFO]    | Shard 0 : Received READY
2020-09-11 23:08:50 | [INFO]    | Discordia 2.8.3
2020-09-11 23:08:50 | [INFO]    | Connecting to Discord...
2020-09-11 23:08:50 | [INFO]    | Authenticated as Shady Protogen#6330
2020-09-11 23:08:50 | [INFO]    | Launching shard 0 (1 out of 1)...
2020-09-11 23:08:50 | [INFO]    | Shard 0 : Connected to wss://gateway.discord.gg
2020-09-11 23:08:50 | [INFO]    | Shard 0 : Received HELLO
2020-09-11 23:08:50 | [INFO]    | Shard 0 : Received READY
2020-09-11 23:09:30 | [INFO]    | Discordia 2.8.3
2020-09-11 23:09:30 | [INFO]    | Connecting to Discord...
2020-09-11 23:09:30 | [INFO]    | Authenticated as Shady Protogen#6330
2020-09-11 23:09:30 | [INFO]    | Launching shard 0 (1 out of 1)...
2020-09-11 23:09:30 | [INFO]    | Shard 0 : Connected to wss://gateway.discord.gg
2020-09-11 23:09:30 | [INFO]    | Shard 0 : Received HELLO
2020-09-11 23:09:30 | [INFO]    | Shard 0 : Received READY
2020-09-11 23:09:50 | [INFO]    | Discordia 2.8.3
2020-09-11 23:09:50 | [INFO]    | Connecting to Discord...
2020-09-11 23:09:51 | [INFO]    | Authenticated as Shady Protogen#6330
2020-09-11 23:09:51 | [INFO]    | Launching shard 0 (1 out of 1)...
2020-09-11 23:09:51 | [INFO]    | Shard 0 : Connected to wss://gateway.discord.gg
2020-09-11 23:09:51 | [INFO]    | Shard 0 : Received HELLO
2020-09-11 23:09:51 | [INFO]    | Shard 0 : Received READY
2020-09-12 00:48:13 | [WARNING] | Shard 0 : Discord has requested a reconnection
2020-09-12 00:48:13 | [INFO]    | Shard 0 : Disconnected
2020-09-12 00:48:13 | [INFO]    | Shard 0 : Reconnecting...
2020-09-12 00:48:14 | [INFO]    | Shard 0 : Connected to wss://gateway.discord.gg
2020-09-12 00:48:14 | [INFO]    | Shard 0 : Received HELLO
2020-09-12 00:48:14 | [INFO]    | Shard 0 : Received RESUMED
2020-09-12 02:24:15 | [WARNING] | Shard 0 : Discord has requested a reconnection
2020-09-12 02:24:15 | [INFO]    | Shard 0 : Disconnected
2020-09-12 02:24:15 | [INFO]    | Shard 0 : Reconnecting...
2020-09-12 02:24:15 | [INFO]    | Shard 0 : Connected to wss://gateway.discord.gg
2020-09-12 02:24:15 | [INFO]    | Shard 0 : Received HELLO
2020-09-12 02:24:15 | [INFO]    | Shard 0 : Received RESUMED
2020-09-12 02:59:56 | [WARNING] | Shard 0 : Discord has requested a reconnection
2020-09-12 02:59:56 | [INFO]    | Shard 0 : Disconnected
2020-09-12 02:59:56 | [INFO]    | Shard 0 : Reconnecting...
2020-09-12 02:59:56 | [INFO]    | Shard 0 : Connected to wss://gateway.discord.gg
2020-09-12 02:59:56 | [INFO]    | Shard 0 : Received HELLO
2020-09-12 02:59:56 | [INFO]    | Shard 0 : Received RESUMED
2020-09-12 06:26:16 | [WARNING] | Shard 0 : Discord has requested a reconnection
2020-09-12 06:26:16 | [INFO]    | Shard 0 : Disconnected
2020-09-12 06:26:16 | [INFO]    | Shard 0 : Reconnecting...
2020-09-12 06:26:16 | [INFO]    | Shard 0 : Connected to wss://gateway.discord.gg
2020-09-12 06:26:16 | [INFO]    | Shard 0 : Received HELLO
2020-09-12 06:26:16 | [INFO]    | Shard 0 : Received RESUMED
2020-09-12 08:42:02 | [WARNING] | Shard 0 : Discord has requested a reconnection
2020-09-12 08:42:02 | [INFO]    | Shard 0 : Disconnected
2020-09-12 08:42:02 | [INFO]    | Shard 0 : Reconnecting...
2020-09-12 08:42:02 | [INFO]    | Shard 0 : Connected to wss://gateway.discord.gg
2020-09-12 08:42:02 | [INFO]    | Shard 0 : Received HELLO
2020-09-12 08:42:02 | [INFO]    | Shard 0 : Received RESUMED
2020-09-12 09:07:11 | [WARNING] | Shard 0 : Discord has requested a reconnection
2020-09-12 09:07:11 | [INFO]    | Shard 0 : Disconnected
2020-09-12 09:07:11 | [INFO]    | Shard 0 : Reconnecting...
2020-09-12 09:07:11 | [INFO]    | Shard 0 : Connected to wss://gateway.discord.gg
2020-09-12 09:07:11 | [INFO]    | Shard 0 : Received HELLO
2020-09-12 09:07:11 | [INFO]    | Shard 0 : Received RESUMED
2020-09-12 12:33:37 | [WARNING] | Shard 0 : Discord has requested a reconnection
2020-09-12 12:33:37 | [INFO]    | Shard 0 : Disconnected
2020-09-12 12:33:37 | [INFO]    | Shard 0 : Reconnecting...
2020-09-12 12:33:37 | [INFO]    | Shard 0 : Connected to wss://gateway.discord.gg
2020-09-12 12:33:37 | [INFO]    | Shard 0 : Received HELLO
2020-09-12 12:33:37 | [INFO]    | Shard 0 : Received RESUMED
2020-09-12 15:27:41 | [WARNING] | Shard 0 : Discord has requested a reconnection
2020-09-12 15:27:41 | [INFO]    | Shard 0 : Disconnected
2020-09-12 15:27:41 | [INFO]    | Shard 0 : Reconnecting...
2020-09-12 15:27:41 | [INFO]    | Shard 0 : Connected to wss://gateway.discord.gg
2020-09-12 15:27:41 | [INFO]    | Shard 0 : Received HELLO
2020-09-12 15:27:41 | [INFO]    | Shard 0 : Received RESUMED
2020-09-12 19:08:52 | [WARNING] | Shard 0 : Discord has requested a reconnection
2020-09-12 19:08:52 | [INFO]    | Shard 0 : Disconnected
2020-09-12 19:08:52 | [INFO]    | Shard 0 : Reconnecting...
2020-09-12 19:08:52 | [INFO]    | Shard 0 : Connected to wss://gateway.discord.gg
2020-09-12 19:08:52 | [INFO]    | Shard 0 : Received HELLO
2020-09-12 19:08:53 | [INFO]    | Shard 0 : Received RESUMED
2020-09-12 22:01:11 | [INFO]    | Discordia 2.8.3
2020-09-12 22:01:11 | [INFO]    | Connecting to Discord...
2020-09-12 22:01:11 | [INFO]    | Authenticated as Shady Protogen#6330
2020-09-12 22:01:12 | [INFO]    | Launching shard 0 (1 out of 1)...
2020-09-12 22:01:12 | [INFO]    | Shard 0 : Connected to wss://gateway.discord.gg
2020-09-12 22:01:12 | [INFO]    | Shard 0 : Received HELLO
2020-09-12 22:01:12 | [INFO]    | Shard 0 : Received READY
2020-09-12 22:01:52 | [INFO]    | Discordia 2.8.3
2020-09-12 22:01:52 | [INFO]    | Connecting to Discord...
2020-09-12 22:01:52 | [INFO]    | Authenticated as Shady Protogen#6330
2020-09-12 22:01:52 | [INFO]    | Launching shard 0 (1 out of 1)...
2020-09-12 22:01:53 | [INFO]    | Shard 0 : Connected to wss://gateway.discord.gg
2020-09-12 22:01:53 | [INFO]    | Shard 0 : Received HELLO
2020-09-12 22:01:53 | [INFO]    | Shard 0 : Received READY
2020-09-12 22:06:27 | [INFO]    | Discordia 2.8.3
2020-09-12 22:06:27 | [INFO]    | Connecting to Discord...
2020-09-12 22:06:27 | [INFO]    | Authenticated as Shady Protogen#6330
2020-09-12 22:06:27 | [INFO]    | Launching shard 0 (1 out of 1)...
2020-09-12 22:06:28 | [INFO]    | Shard 0 : Connected to wss://gateway.discord.gg
2020-09-12 22:06:28 | [INFO]    | Shard 0 : Received HELLO
2020-09-12 22:06:28 | [INFO]    | Shard 0 : Received READY
2020-09-12 22:16:34 | [INFO]    | Discordia 2.8.3
2020-09-12 22:16:34 | [INFO]    | Connecting to Discord...
2020-09-12 22:16:34 | [INFO]    | Authenticated as Shady Protogen#6330
2020-09-12 22:16:34 | [INFO]    | Launching shard 0 (1 out of 1)...
2020-09-12 22:16:34 | [INFO]    | Shard 0 : Connected to wss://gateway.discord.gg
2020-09-12 22:16:34 | [INFO]    | Shard 0 : Received HELLO
2020-09-12 22:16:35 | [INFO]    | Shard 0 : Received READY
2020-09-12 22:45:08 | [INFO]    | Discordia 2.8.3
2020-09-12 22:45:08 | [INFO]    | Connecting to Discord...
2020-09-12 22:45:08 | [INFO]    | Authenticated as Shady Protogen#6330
2020-09-12 22:45:08 | [INFO]    | Launching shard 0 (1 out of 1)...
2020-09-12 22:45:08 | [INFO]    | Shard 0 : Connected to wss://gateway.discord.gg
2020-09-12 22:45:08 | [INFO]    | Shard 0 : Received HELLO
2020-09-12 22:45:09 | [INFO]    | Shard 0 : Received READY
